\BOOKMARK [0][-]{chapter.1}{Introduction}{}% 1
\BOOKMARK [0][-]{chapter.2}{Software Installation and Useage}{}% 2
\BOOKMARK [0][-]{chapter.3}{Model Build Workflow}{}% 3
\BOOKMARK [1][-]{section.3.1}{Defining the Units of Length and Time}{chapter.3}% 4
\BOOKMARK [1][-]{section.3.2}{Defining the Template Mesh}{chapter.3}% 5
\BOOKMARK [1][-]{section.3.3}{Groundwater Flow\(GWF\) Domain}{chapter.3}% 6
\BOOKMARK [2][-]{subsection.3.3.1}{Generating a Layered GWF Domain}{section.3.3}% 7
\BOOKMARK [3][-]{subsubsection.3.3.1.1}{Defining the Top Elevation}{subsection.3.3.1}% 8
\BOOKMARK [3][-]{subsubsection.3.3.1.2}{Adding Layers}{subsection.3.3.1}% 9
\BOOKMARK [3][-]{subsubsection.3.3.1.3}{Cell Connection Properties}{subsection.3.3.1}% 10
\BOOKMARK [3][-]{subsubsection.3.3.1.4}{Assigning Material Properties}{subsection.3.3.1}% 11
\BOOKMARK [3][-]{subsubsection.3.3.1.5}{Initial Conditions}{subsection.3.3.1}% 12
\BOOKMARK [3][-]{subsubsection.3.3.1.6}{Boundary Conditions}{subsection.3.3.1}% 13
\BOOKMARK [1][-]{section.3.4}{Surface Water Flow\(SWF\) Domain}{chapter.3}% 14
\BOOKMARK [2][-]{subsection.3.4.1}{Generating a SWF Domain}{section.3.4}% 15
\BOOKMARK [3][-]{subsubsection.3.4.1.1}{Cell Connection Properties}{subsection.3.4.1}% 16
\BOOKMARK [3][-]{subsubsection.3.4.1.2}{Assigning Material Properties}{subsection.3.4.1}% 17
\BOOKMARK [3][-]{subsubsection.3.4.1.3}{Initial Conditions}{subsection.3.4.1}% 18
\BOOKMARK [3][-]{subsubsection.3.4.1.4}{Boundary Conditions}{subsection.3.4.1}% 19
\BOOKMARK [1][-]{section.3.5}{Connected Linear Network\(CLN\) Domain}{chapter.3}% 20
\BOOKMARK [2][-]{subsection.3.5.1}{Generating a CLN Domain}{section.3.5}% 21
\BOOKMARK [3][-]{subsubsection.3.5.1.1}{Assigning Material Properties}{subsection.3.5.1}% 22
\BOOKMARK [3][-]{subsubsection.3.5.1.2}{Initial Conditions}{subsection.3.5.1}% 23
\BOOKMARK [3][-]{subsubsection.3.5.1.3}{Boundary Conditions}{subsection.3.5.1}% 24
\BOOKMARK [1][-]{section.3.6}{Stress Periods}{chapter.3}% 25
\BOOKMARK [1][-]{section.3.7}{Output Control}{chapter.3}% 26
\BOOKMARK [1][-]{section.3.8}{Solver Parameters}{chapter.3}% 27
\BOOKMARK [0][-]{chapter.4}{Model Execution and Post-Processing}{}% 28
\BOOKMARK [0][-]{chapter.5}{Examples}{}% 29
\BOOKMARK [1][-]{section.5.1}{Verification}{chapter.5}% 30
\BOOKMARK [2][-]{subsection.5.1.1}{Unsaturated flow in a 1D Column}{section.5.1}% 31
\BOOKMARK [2][-]{subsection.5.1.2}{Unsaturated flow in a 2D Hillslope: Drains vs Surfacewater Flow}{section.5.1}% 32
\BOOKMARK [2][-]{subsection.5.1.3}{Abdul's Experiment: 3D Unsaturated GroundwaterFlow }{section.5.1}% 33
\BOOKMARK [1][-]{section.5.2}{Illustration}{chapter.5}% 34
\BOOKMARK [0][-]{chapter.6}{Tutorial}{}% 35
\BOOKMARK [1][-]{section.6.1}{Mut Useage}{chapter.6}% 36
\BOOKMARK [2][-]{subsection.6.1.1}{Suggested Workflow}{section.6.1}% 37
\BOOKMARK [2][-]{subsection.6.1.2}{Mut Input File Structure}{section.6.1}% 38
\BOOKMARK [1][-]{section.6.2}{GitHub Useage in Microsoft Visual Studio}{chapter.6}% 39
\BOOKMARK [1][-]{section.6.3}{Tecplot Useage}{chapter.6}% 40
\BOOKMARK [1][-]{section.6.4}{Microsoft Access Useage}{chapter.6}% 41
